a529220@SEGOTWHT1SW14:~/tut/commonAPI2/project/helloWorld-commonapi-someip/build$ ./WorldService
[CAPI][INFO] Loading configuration file '/home/a529220/tut/commonAPI2/project/helloWorld-commonapi-someip/config/commonapi4someip.ini'
[CAPI][INFO] Using default binding 'someip'
[CAPI][INFO] Using default shared library folder '/usr/local/lib/commonapi'
[CAPI][DEBUG] Loading library for local:commonapi.examples.World:v0_1:commonapi.examples.someip stub.
[CAPI][INFO] Loading configuration file /etc//commonapi-someip.ini
[CAPI][DEBUG] Added address mapping: local:commonapi.examples.BadProxyServiceID:v0_1:commonapi.examples.someip.badproxyserviceid <--> [1237.5678(0.1)]
[CAPI][INFO] Registering function for creating "commonapi.examples.BadProxyServiceID:v0_1" stub adapter.
[CAPI][DEBUG] Added address mapping: local:commonapi.examples.BadServiceInstanceID:v0_1:commonapi.examples.someip.badserviceinstanceid <--> [1234.5679(0.1)]
[CAPI][INFO] Registering function for creating "commonapi.examples.BadServiceInstanceID:v0_1" stub adapter.
[CAPI][DEBUG] Added address mapping: local:commonapi.examples.BadServiceServiceID:v0_1:commonapi.examples.someip.badserviceserviceid <--> [1236.5678(0.1)]
[CAPI][INFO] Registering function for creating "commonapi.examples.BadServiceServiceID:v0_1" stub adapter.
[CAPI][DEBUG] Added address mapping: local:commonapi.examples.World:v0_1:commonapi.examples.someip <--> [1234.5678(0.1)]
[CAPI][INFO] Registering function for creating "commonapi.examples.World:v0_1" stub adapter.
[CAPI][DEBUG] Loading interface library "libWorld-someip.so" succeeded.
[CAPI][INFO] Registering stub for "local:commonapi.examples.World:v0_1:commonapi.examples.someip"
2025-07-15 14:17:26.149164  [info] Security configuration is active.
2025-07-15 14:17:26.150562  [info] Using configuration file: "/home/a529220/tut/commonAPI2/project/helloWorld-commonapi-someip/config/vsomeip-local-security.json".
2025-07-15 14:17:26.150675  [info] Parsed vsomeip configuration in 3ms
2025-07-15 14:17:26.150732  [info] Configuration module loaded.
2025-07-15 14:17:26.150782  [info] Using internal security implementation!
2025-07-15 14:17:26.150842  [info] Initializing vsomeip (3.5.6) application "service-sample".
2025-07-15 14:17:26.150907  [info] Instantiating routing manager [Host].
2025-07-15 14:17:26.151913  [info] create_routing_root: Routing root @ /tmp/vsomeip-0
2025-07-15 14:17:26.154722  [info] Service Discovery enabled. Trying to load module.
2025-07-15 14:17:26.159006  [info] Service Discovery module loaded.
2025-07-15 14:17:26.159236  [info] Application(service-sample, 1277) is initialized (11, 100).
2025-07-15 14:17:26.159862  [info] Starting vsomeip application "service-sample" (1277) using 2 threads I/O nice 0 boost event loop period 0
2025-07-15 14:17:26.160250  [info] main dispatch thread id from application: 1277 (service-sample) is: 794c9e3fc640 TID: 60805
2025-07-15 14:17:26.160303  [info] Client [1277] routes unicast:127.0.0.1, netmask:255.255.255.0
2025-07-15 14:17:26.160324  [info] shutdown thread id from application: 1277 (service-sample) is: 794c9dbfb640 TID: 60806
2025-07-15 14:17:26.161314  [info] rmi::offer_service added service: 1234 to pending_sd_offers_.size = 1
2025-07-15 14:17:26.164362  [info] Watchdog is disabled!
2025-07-15 14:17:26.165724  [info] io thread id from application: 1277 (service-sample) is: 794c9ebfd640 TID: 60804
2025-07-15 14:17:26.165921  [info] io thread id from application: 1277 (service-sample) is: 794c87fff640 TID: 60809
2025-07-15 14:17:26.166051  [info] vSomeIP 3.5.6 | (default)
2025-07-15 14:17:26.166722  [warning] Network interface "lo" state changed: up
2025-07-15 14:17:26.173601  [info] create_local_server: Listening @ /tmp/vsomeip-1277
2025-07-15 14:17:26.173763  [info] OFFER(1277): [1234.5678:0.1] (true)
[CAPI][DEBUG] Loading library for local:commonapi.examples.BadServiceServiceID:v0_1:commonapi.examples.someip.badserviceserviceid stub.
[CAPI][INFO] Registering stub for "local:commonapi.examples.BadServiceServiceID:v0_1:commonapi.examples.someip.badserviceserviceid"
2025-07-15 14:17:26.174169  [info] vSomeIP Security: UID/GID=1000/1000 isn't allowed to offer service/instance 1236/5678 ~> Skip offer!
2025-07-15 14:17:26.174258  [warning] routing_manager_impl::offer_service: Security: Client 0x1277 isn't allowed to offer the following service/instance 1236/5678 ~> Skip offer!
[CAPI][DEBUG] Loading library for local:commonapi.examples.BadServiceInstanceID:v0_1:commonapi.examples.someip.badserviceinstanceid stub.
[CAPI][INFO] Registering stub for "local:commonapi.examples.BadServiceInstanceID:v0_1:commonapi.examples.someip.badserviceinstanceid"
2025-07-15 14:17:26.174975  [info] vSomeIP Security: UID/GID=1000/1000 isn't allowed to offer service/instance 1234/5679 ~> Skip offer!
2025-07-15 14:17:26.175085  [warning] routing_manager_impl::offer_service: Security: Client 0x1277 isn't allowed to offer the following service/instance 1234/5679 ~> Skip offer!
Successfully Registered Service!
Waiting for calls ... (Abort with CTRL+C)
2025-07-15 14:17:36.167024  [info] vSomeIP 3.5.6 | (default)
2025-07-15 14:17:45.787158  [info] Application/Client 1344 is registering.
2025-07-15 14:17:45.787289  [info] emb::find_or_create_local: create_client 1344
2025-07-15 14:17:45.787392  [info] Client [1277] is connecting to [1344] at /tmp/vsomeip-1344 endpoint > 0x794c88001050
2025-07-15 14:17:45.787558  [info] cei::wait_connecting_cbk: endpoint > 0x794c88001050 socket state > 1
2025-07-15 14:17:45.788296  [info] REGISTERED_ACK(1344)
2025-07-15 14:17:45.795668  [info] REQUEST(1344): [1234.5678:0.4294967295]
2025-07-15 14:17:45.795765  [info] vSomeIP Security: UID/GID=1000/1000 : Isn't allowed to communicate with service/instance/(method / event) 1237/5678/0 ~> Skip!
2025-07-15 14:17:45.795801  [warning] vSomeIP Security: Client 0x1277 received a request from client 0x1344 to service/instance 1237/5678 ~> skip message!
sayHello called!
sayHello('World'): 'Hello World!'
2025-07-15 14:17:46.167386  [info] vSomeIP 3.5.6 | (default)
sayBye called!
sayBye('World'): 'Bye World!'
sayHello called!
sayHello('World'): 'Hello World!'
sayBye called!
sayBye('World'): 'Bye World!'
sayHello called!
sayHello('World'): 'Hello World!'
sayBye called!
sayBye('World'): 'Bye World!'
sayHello called!
sayHello('World'): 'Hello World!'
sayBye called!
sayBye('World'): 'Bye World!'
sayHello called!
sayHello('World'): 'Hello World!'
sayBye called!
sayBye('World'): 'Bye World!'
sayHello called!
sayHello('World'): 'Hello World!'
2025-07-15 14:17:56.167602  [info] vSomeIP 3.5.6 | (default)
sayBye called!
sayBye('World'): 'Bye World!'
sayHello called!
sayHello('World'): 'Hello World!'
sayBye called!
sayBye('World'): 'Bye World!'
sayHello called!
sayHello('World'): 'Hello World!'
sayBye called!
sayBye('World'): 'Bye World!'
sayHello called!
sayHello('World'): 'Hello World!'
sayBye called!
sayBye('World'): 'Bye World!'
sayHello called!
sayHello('World'): 'Hello World!'
sayBye called!
sayBye('World'): 'Bye World!'
sayHello called!
sayHello('World'): 'Hello World!'
2025-07-15 14:18:06.167781  [info] vSomeIP 3.5.6 | (default)