 export COMMONAPI_CONFIG=commonapi4someip.ini VSOMEIP_CONFIGURATION=config/vsomeip-local.json
./build/HelloWorldService
[CAPI][INFO] Loading configuration file 'commonapi4someip.ini'
[CAPI][INFO] Using default binding 'someip'
[CAPI][INFO] Using default shared library folder '/usr/local/lib/commonapi'
[CAPI][DEBUG] Loading library for local:commonapi.examples.HelloWorld:v0_1:commonapi.examples.HelloWorld stub.
[CAPI][INFO] Loading configuration file /etc//commonapi-someip.ini
[CAPI][DEBUG] Added address mapping: local:commonapi.examples.HelloWorld:v0_1:commonapi.examples.HelloWorld <--> [1234.1234(0.1)]
[CAPI][INFO] Registering function for creating "commonapi.examples.HelloWorld:v0_1" stub adapter.
[CAPI][DEBUG] Loading interface library "libHelloWorld-someip.so" succeeded.
[CAPI][INFO] Registering stub for "local:commonapi.examples.HelloWorld:v0_1:commonapi.examples.HelloWorld"
2025-07-14 11:46:36.462163  [warning] Reliability type for event [1234.5678.0777] was not configured Using : RT_UNRELIABLE
2025-07-14 11:46:36.462213  [warning] Reliability type for event [1234.5678.0778] was not configured Using : RT_UNRELIABLE
2025-07-14 11:46:36.462228  [warning] Reliability type for event [1234.5678.0779] was not configured Using : RT_UNRELIABLE
2025-07-14 11:46:36.462303  [info] Using configuration file: "config/vsomeip-local.json".
2025-07-14 11:46:36.462317  [info] Parsed vsomeip configuration in 0ms
2025-07-14 11:46:36.462322  [info] Configuration module loaded.
2025-07-14 11:46:36.462334  [info] Security disabled!
2025-07-14 11:46:36.462341  [info] Initializing vsomeip (3.5.6) application "service-sample".
2025-07-14 11:46:36.462436  [info] Instantiating routing manager [Host].
2025-07-14 11:46:36.462526  [info] create_routing_root: Routing root @ /tmp/vsomeip-0
2025-07-14 11:46:36.463419  [info] Service Discovery enabled. Trying to load module.
2025-07-14 11:46:36.463599  [info] Service Discovery module loaded.
2025-07-14 11:46:36.463640  [info] Application(service-sample, 1277) is initialized (11, 100).
2025-07-14 11:46:36.463783  [info] Starting vsomeip application "service-sample" (1277) using 2 threads I/O nice 0 boost event loop period 0
2025-07-14 11:46:36.463867  [debug] Thread created. Number of active threads for service-sample : 1
2025-07-14 11:46:36.463870  [info] rmi::offer_service added service: 1234 to pending_sd_offers_.size = 1
2025-07-14 11:46:36.463897  [info] main dispatch thread id from application: 1277 (service-sample) is: 7569efffc640 TID: 41037
2025-07-14 11:46:36.463931  [debug] ON_OFFER_SERVICE(1277): [1234.1234:0.1]
2025-07-14 11:46:36.463924  [info] Client [1277] routes unicast:10.0.2.15, netmask:255.255.255.0
2025-07-14 11:46:36.463936  [info] shutdown thread id from application: 1277 (service-sample) is: 7569ef7fb640 TID: 41038
2025-07-14 11:46:36.474070  [info] create_local_server: Listening @ /tmp/vsomeip-1277
2025-07-14 11:46:36.474186  [info] OFFER(1277): [1234.1234:0.1] (true)
Successfully Registered Service!
Waiting for calls ... (Abort with CTRL+C)
2025-07-14 11:46:36.484304  [info] Watchdog is disabled!
2025-07-14 11:46:36.484493  [info] io thread id from application: 1277 (service-sample) is: 7569f07fd640 TID: 41036
2025-07-14 11:46:36.484506  [info] io thread id from application: 1277 (service-sample) is: 7569edff8640 TID: 41041
2025-07-14 11:46:36.484555  [info] vSomeIP 3.5.6 | (default)
2025-07-14 11:46:46.485119  [info] vSomeIP 3.5.6 | (default)
2025-07-14 11:46:56.485721  [info] vSomeIP 3.5.6 | (default)
2025-07-14 11:47:06.486050  [info] vSomeIP 3.5.6 | (default)
2025-07-14 11:47:13.115861  [info] Application/Client 1344 is registering.
2025-07-14 11:47:13.115967  [info] emb::find_or_create_local: create_client 1344
2025-07-14 11:47:13.116032  [info] Client [1277] is connecting to [1344] at /tmp/vsomeip-1344 endpoint > 0x7569d8000e50
2025-07-14 11:47:13.116190  [info] cei::wait_connecting_cbk: endpoint > 0x7569d8000e50 socket state > 1
2025-07-14 11:47:13.116731  [info] REGISTERED_ACK(1344)
2025-07-14 11:47:13.126595  [info] REQUEST(1344): [1234.1234:0.4294967295]
sayHello called!
sayHello('World'): 'Hello World!'
sayHello called!
sayHello('World'): 'Hello World!'
sayHello called!
sayHello('World'): 'Hello World!'
sayHello called!
sayHello('World'): 'Hello World!'
2025-07-14 11:47:16.486256  [info] vSomeIP 3.5.6 | (default)
sayHello called!
sayHello('World'): 'Hello World!'
sayHello called!
sayHello('World'): 'Hello World!'
sayHello called!
sayHello('World'): 'Hello World!'
sayHello called!
sayHello('World'): 'Hello World!'
sayHello called!
sayHello('World'): 'Hello World!'
sayHello called!
sayHello('World'): 'Hello World!'
sayHello called!
sayHello('World'): 'Hello World!'
sayHello called!
sayHello('World'): 'Hello World!'
sayHello called!
sayHello('World'): 'Hello World!'
sayHello called!
sayHello('World'): 'Hello World!'
2025-07-14 11:47:26.486661  [info] vSomeIP 3.5.6 | (default)
sayHello called!
sayHello('World'): 'Hello World!'
^C2025-07-14 11:47:27.201287  [info] Stopping vsomeip application "service-sample" (1277).
2025-07-14 11:47:27.201616  [debug] Thread destroyed. Number of active threads for service-sample : 0
2025-07-14 11:47:27.202296  [info] emb::remove_local: client 1344
2025-07-14 11:47:27.202412  [info] cei::shutdown_and_close_socket_unlocked: not recreating socket  endpoint > 0x7569d8000e50 socket state > 0
2025-07-14 11:47:27.202431  [info] Client [1277] is closing connection to [1344] endpoint > 0x7569d8000e50
^C^C^CWaiting for calls ... (Abort with CTRL+C)